This is pdfTeX, Version 3.14159265-2.6-1.40.18 (TeX Live 2017) (preloaded format=pdflatex 2018.4.18)  11 DEC 2018 02:44
entering extended mode
 restricted \write18 enabled.
 %&-line parsing enabled.
**main.tex
(./main.tex
LaTeX2e <2017-04-15>
Babel <3.18> and hyphenation patterns for 84 language(s) loaded.
(/usr/local/texlive/2017/texmf-dist/tex/latex/base/article.cls
Document Class: article 2014/09/29 v1.4h Standard LaTeX document class
(/usr/local/texlive/2017/texmf-dist/tex/latex/base/size10.clo
File: size10.clo 2014/09/29 v1.4h Standard LaTeX file (size option)
)
\c@part=\count79
\c@section=\count80
\c@subsection=\count81
\c@subsubsection=\count82
\c@paragraph=\count83
\c@subparagraph=\count84
\c@figure=\count85
\c@table=\count86
\abovecaptionskip=\skip41
\belowcaptionskip=\skip42
\bibindent=\dimen102
)
(./nips_2018.sty

LaTeX Warning: You have requested package `nips_2018',
               but the package provides `neurips_2018'.

Package: neurips_2018 2018/11/19 NeurIPS 2018 submission/camera-ready style fil
e
(/usr/local/texlive/2017/texmf-dist/tex/latex/natbib/natbib.sty
Package: natbib 2010/09/13 8.31b (PWD, AO)
\bibhang=\skip43
\bibsep=\skip44
LaTeX Info: Redefining \cite on input line 694.
\c@NAT@ctr=\count87
)
(/usr/local/texlive/2017/texmf-dist/tex/latex/geometry/geometry.sty
Package: geometry 2010/09/12 v5.6 Page Geometry

(/usr/local/texlive/2017/texmf-dist/tex/latex/graphics/keyval.sty
Package: keyval 2014/10/28 v1.15 key=value parser (DPC)
\KV@toks@=\toks14
)
(/usr/local/texlive/2017/texmf-dist/tex/generic/oberdiek/ifpdf.sty
Package: ifpdf 2017/03/15 v3.2 Provides the ifpdf switch
)
(/usr/local/texlive/2017/texmf-dist/tex/generic/oberdiek/ifvtex.sty
Package: ifvtex 2016/05/16 v1.6 Detect VTeX and its facilities (HO)
Package ifvtex Info: VTeX not detected.
)
(/usr/local/texlive/2017/texmf-dist/tex/generic/ifxetex/ifxetex.sty
Package: ifxetex 2010/09/12 v0.6 Provides ifxetex conditional
)
\Gm@cnth=\count88
\Gm@cntv=\count89
\c@Gm@tempcnt=\count90
\Gm@bindingoffset=\dimen103
\Gm@wd@mp=\dimen104
\Gm@odd@mp=\dimen105
\Gm@even@mp=\dimen106
\Gm@layoutwidth=\dimen107
\Gm@layoutheight=\dimen108
\Gm@layouthoffset=\dimen109
\Gm@layoutvoffset=\dimen110
\Gm@dimlist=\toks15
)
\@neuripsabovecaptionskip=\skip45
\@neuripsbelowcaptionskip=\skip46
)
(/usr/local/texlive/2017/texmf-dist/tex/latex/graphics/graphicx.sty
Package: graphicx 2017/06/01 v1.1a Enhanced LaTeX Graphics (DPC,SPQR)

(/usr/local/texlive/2017/texmf-dist/tex/latex/graphics/graphics.sty
Package: graphics 2017/06/25 v1.2c Standard LaTeX Graphics (DPC,SPQR)

(/usr/local/texlive/2017/texmf-dist/tex/latex/graphics/trig.sty
Package: trig 2016/01/03 v1.10 sin cos tan (DPC)
)
(/usr/local/texlive/2017/texmf-dist/tex/latex/graphics-cfg/graphics.cfg
File: graphics.cfg 2016/06/04 v1.11 sample graphics configuration
)
Package graphics Info: Driver file: pdftex.def on input line 99.

(/usr/local/texlive/2017/texmf-dist/tex/latex/graphics-def/pdftex.def
File: pdftex.def 2018/01/08 v1.0l Graphics/color driver for pdftex
))
\Gin@req@height=\dimen111
\Gin@req@width=\dimen112
)
(/usr/local/texlive/2017/texmf-dist/tex/latex/hyperref/hyperref.sty
Package: hyperref 2018/02/06 v6.86b Hypertext links for LaTeX

(/usr/local/texlive/2017/texmf-dist/tex/generic/oberdiek/hobsub-hyperref.sty
Package: hobsub-hyperref 2016/05/16 v1.14 Bundle oberdiek, subset hyperref (HO)


(/usr/local/texlive/2017/texmf-dist/tex/generic/oberdiek/hobsub-generic.sty
Package: hobsub-generic 2016/05/16 v1.14 Bundle oberdiek, subset generic (HO)
Package: hobsub 2016/05/16 v1.14 Construct package bundles (HO)
Package: infwarerr 2016/05/16 v1.4 Providing info/warning/error messages (HO)
Package: ltxcmds 2016/05/16 v1.23 LaTeX kernel commands for general use (HO)
Package: ifluatex 2016/05/16 v1.4 Provides the ifluatex switch (HO)
Package ifluatex Info: LuaTeX not detected.
Package hobsub Info: Skipping package `ifvtex' (already loaded).
Package: intcalc 2016/05/16 v1.2 Expandable calculations with integers (HO)
Package hobsub Info: Skipping package `ifpdf' (already loaded).
Package: etexcmds 2016/05/16 v1.6 Avoid name clashes with e-TeX commands (HO)
Package etexcmds Info: Could not find \expanded.
(etexcmds)             That can mean that you are not using pdfTeX 1.50 or
(etexcmds)             that some package has redefined \expanded.
(etexcmds)             In the latter case, load this package earlier.
Package: kvsetkeys 2016/05/16 v1.17 Key value parser (HO)
Package: kvdefinekeys 2016/05/16 v1.4 Define keys (HO)
Package: pdftexcmds 2018/01/21 v0.26 Utility functions of pdfTeX for LuaTeX (HO
)
Package pdftexcmds Info: LuaTeX not detected.
Package pdftexcmds Info: \pdf@primitive is available.
Package pdftexcmds Info: \pdf@ifprimitive is available.
Package pdftexcmds Info: \pdfdraftmode found.
Package: pdfescape 2016/05/16 v1.14 Implements pdfTeX's escape features (HO)
Package: bigintcalc 2016/05/16 v1.4 Expandable calculations on big integers (HO
)
Package: bitset 2016/05/16 v1.2 Handle bit-vector datatype (HO)
Package: uniquecounter 2016/05/16 v1.3 Provide unlimited unique counter (HO)
)
Package hobsub Info: Skipping package `hobsub' (already loaded).
Package: letltxmacro 2016/05/16 v1.5 Let assignment for LaTeX macros (HO)
Package: hopatch 2016/05/16 v1.3 Wrapper for package hooks (HO)
Package: xcolor-patch 2016/05/16 xcolor patch
Package: atveryend 2016/05/16 v1.9 Hooks at the very end of document (HO)
Package atveryend Info: \enddocument detected (standard20110627).
Package: atbegshi 2016/06/09 v1.18 At begin shipout hook (HO)
Package: refcount 2016/05/16 v3.5 Data extraction from label references (HO)
Package: hycolor 2016/05/16 v1.8 Color options for hyperref/bookmark (HO)
)
(/usr/local/texlive/2017/texmf-dist/tex/latex/oberdiek/auxhook.sty
Package: auxhook 2016/05/16 v1.4 Hooks for auxiliary files (HO)
)
(/usr/local/texlive/2017/texmf-dist/tex/latex/oberdiek/kvoptions.sty
Package: kvoptions 2016/05/16 v3.12 Key value format for package options (HO)
)
\@linkdim=\dimen113
\Hy@linkcounter=\count91
\Hy@pagecounter=\count92

(/usr/local/texlive/2017/texmf-dist/tex/latex/hyperref/pd1enc.def
File: pd1enc.def 2018/02/06 v6.86b Hyperref: PDFDocEncoding definition (HO)
)
\Hy@SavedSpaceFactor=\count93

(/usr/local/texlive/2017/texmf-dist/tex/latex/latexconfig/hyperref.cfg
File: hyperref.cfg 2002/06/06 v1.2 hyperref configuration of TeXLive
)
Package hyperref Info: Hyper figures OFF on input line 4509.
Package hyperref Info: Link nesting OFF on input line 4514.
Package hyperref Info: Hyper index ON on input line 4517.
Package hyperref Info: Plain pages OFF on input line 4524.
Package hyperref Info: Backreferencing OFF on input line 4529.
Package hyperref Info: Implicit mode ON; LaTeX internals redefined.
Package hyperref Info: Bookmarks ON on input line 4762.
\c@Hy@tempcnt=\count94

(/usr/local/texlive/2017/texmf-dist/tex/latex/url/url.sty
\Urlmuskip=\muskip10
Package: url 2013/09/16  ver 3.4  Verb mode for urls, etc.
)
LaTeX Info: Redefining \url on input line 5115.
\XeTeXLinkMargin=\dimen114
\Fld@menulength=\count95
\Field@Width=\dimen115
\Fld@charsize=\dimen116
Package hyperref Info: Hyper figures OFF on input line 6369.
Package hyperref Info: Link nesting OFF on input line 6374.
Package hyperref Info: Hyper index ON on input line 6377.
Package hyperref Info: backreferencing OFF on input line 6384.
Package hyperref Info: Link coloring OFF on input line 6389.
Package hyperref Info: Link coloring with OCG OFF on input line 6394.
Package hyperref Info: PDF/A mode OFF on input line 6399.
LaTeX Info: Redefining \ref on input line 6439.
LaTeX Info: Redefining \pageref on input line 6443.
\Hy@abspage=\count96
\c@Item=\count97
\c@Hfootnote=\count98
)
Package hyperref Info: Driver (autodetected): hpdftex.

(/usr/local/texlive/2017/texmf-dist/tex/latex/hyperref/hpdftex.def
File: hpdftex.def 2018/02/06 v6.86b Hyperref driver for pdfTeX
\Fld@listcount=\count99
\c@bookmark@seq@number=\count100

(/usr/local/texlive/2017/texmf-dist/tex/latex/oberdiek/rerunfilecheck.sty
Package: rerunfilecheck 2016/05/16 v1.8 Rerun checks for auxiliary files (HO)
Package uniquecounter Info: New unique counter `rerunfilecheck' on input line 2
82.
)
\Hy@SectionHShift=\skip47
)
(/usr/local/texlive/2017/texmf-dist/tex/latex/amsmath/amsmath.sty
Package: amsmath 2017/09/02 v2.17a AMS math features
\@mathmargin=\skip48

For additional information on amsmath, use the `?' option.
(/usr/local/texlive/2017/texmf-dist/tex/latex/amsmath/amstext.sty
Package: amstext 2000/06/29 v2.01 AMS text

(/usr/local/texlive/2017/texmf-dist/tex/latex/amsmath/amsgen.sty
File: amsgen.sty 1999/11/30 v2.0 generic functions
\@emptytoks=\toks16
\ex@=\dimen117
))
(/usr/local/texlive/2017/texmf-dist/tex/latex/amsmath/amsbsy.sty
Package: amsbsy 1999/11/29 v1.2d Bold Symbols
\pmbraise@=\dimen118
)
(/usr/local/texlive/2017/texmf-dist/tex/latex/amsmath/amsopn.sty
Package: amsopn 2016/03/08 v2.02 operator names
)
\inf@bad=\count101
LaTeX Info: Redefining \frac on input line 213.
\uproot@=\count102
\leftroot@=\count103
LaTeX Info: Redefining \overline on input line 375.
\classnum@=\count104
\DOTSCASE@=\count105
LaTeX Info: Redefining \ldots on input line 472.
LaTeX Info: Redefining \dots on input line 475.
LaTeX Info: Redefining \cdots on input line 596.
\Mathstrutbox@=\box26
\strutbox@=\box27
\big@size=\dimen119
LaTeX Font Info:    Redeclaring font encoding OML on input line 712.
LaTeX Font Info:    Redeclaring font encoding OMS on input line 713.
\macc@depth=\count106
\c@MaxMatrixCols=\count107
\dotsspace@=\muskip11
\c@parentequation=\count108
\dspbrk@lvl=\count109
\tag@help=\toks17
\row@=\count110
\column@=\count111
\maxfields@=\count112
\andhelp@=\toks18
\eqnshift@=\dimen120
\alignsep@=\dimen121
\tagshift@=\dimen122
\tagwidth@=\dimen123
\totwidth@=\dimen124
\lineht@=\dimen125
\@envbody=\toks19
\multlinegap=\skip49
\multlinetaggap=\skip50
\mathdisplay@stack=\toks20
LaTeX Info: Redefining \[ on input line 2817.
LaTeX Info: Redefining \] on input line 2818.
)
(/usr/local/texlive/2017/texmf-dist/tex/latex/amsfonts/amssymb.sty
Package: amssymb 2013/01/14 v3.01 AMS font symbols

(/usr/local/texlive/2017/texmf-dist/tex/latex/amsfonts/amsfonts.sty
Package: amsfonts 2013/01/14 v3.01 Basic AMSFonts support
\symAMSa=\mathgroup4
\symAMSb=\mathgroup5
LaTeX Font Info:    Overwriting math alphabet `\mathfrak' in version `bold'
(Font)                  U/euf/m/n --> U/euf/b/n on input line 106.
))
(/usr/local/texlive/2017/texmf-dist/tex/latex/tools/array.sty
Package: array 2016/10/06 v2.4d Tabular extension package (FMi)
\col@sep=\dimen126
\extrarowheight=\dimen127
\NC@list=\toks21
\extratabsurround=\skip51
\backup@length=\skip52
)
(/usr/local/texlive/2017/texmf-dist/tex/latex/caption/subcaption.sty
Package: subcaption 2016/05/22 v1.1-161 Sub-captions (AR)

(/usr/local/texlive/2017/texmf-dist/tex/latex/caption/caption.sty
Package: caption 2016/02/21 v3.3-144 Customizing captions (AR)

(/usr/local/texlive/2017/texmf-dist/tex/latex/caption/caption3.sty
Package: caption3 2016/05/22 v1.7-166 caption3 kernel (AR)
Package caption3 Info: TeX engine: e-TeX on input line 67.
\captionmargin=\dimen128
\captionmargin@=\dimen129
\captionwidth=\dimen130
\caption@tempdima=\dimen131
\caption@indent=\dimen132
\caption@parindent=\dimen133
\caption@hangindent=\dimen134
)
\c@ContinuedFloat=\count113
Package caption Info: hyperref package is loaded.
)
\c@subfigure=\count114
\c@subtable=\count115
)
(./main.aux (./intro.aux) (./methods.aux) (./results.aux) (./discussion.aux)
(./supplement.aux))
\openout1 = `main.aux'.

LaTeX Font Info:    Checking defaults for OML/cmm/m/it on input line 17.
LaTeX Font Info:    ... okay on input line 17.
LaTeX Font Info:    Checking defaults for T1/cmr/m/n on input line 17.
LaTeX Font Info:    ... okay on input line 17.
LaTeX Font Info:    Checking defaults for OT1/cmr/m/n on input line 17.
LaTeX Font Info:    ... okay on input line 17.
LaTeX Font Info:    Checking defaults for OMS/cmsy/m/n on input line 17.
LaTeX Font Info:    ... okay on input line 17.
LaTeX Font Info:    Checking defaults for OMX/cmex/m/n on input line 17.
LaTeX Font Info:    ... okay on input line 17.
LaTeX Font Info:    Checking defaults for U/cmr/m/n on input line 17.
LaTeX Font Info:    ... okay on input line 17.
LaTeX Font Info:    Checking defaults for PD1/pdf/m/n on input line 17.
LaTeX Font Info:    ... okay on input line 17.
LaTeX Font Info:    Try loading font information for OT1+ptm on input line 17.

(/usr/local/texlive/2017/texmf-dist/tex/latex/psnfss/ot1ptm.fd
File: ot1ptm.fd 2001/06/04 font definitions for OT1/ptm.
)
*geometry* driver: auto-detecting
*geometry* detected driver: pdftex
*geometry* verbose mode - [ preamble ] result:
* driver: pdftex
* paper: letterpaper
* layout: <same size as paper>
* layoutoffset:(h,v)=(0.0pt,0.0pt)
* modes: 
* h-part:(L,W,R)=(92.14519pt, 430.00462pt, 92.14519pt)
* v-part:(T,H,B)=(95.39737pt, 556.47656pt, 143.09605pt)
* \paperwidth=614.295pt
* \paperheight=794.96999pt
* \textwidth=430.00462pt
* \textheight=556.47656pt
* \oddsidemargin=19.8752pt
* \evensidemargin=19.8752pt
* \topmargin=-13.87262pt
* \headheight=12.0pt
* \headsep=25.0pt
* \topskip=10.0pt
* \footskip=30.0pt
* \marginparwidth=65.0pt
* \marginparsep=11.0pt
* \columnsep=10.0pt
* \skip\footins=9.0pt plus 4.0pt minus 2.0pt
* \hoffset=0.0pt
* \voffset=0.0pt
* \mag=1000
* \@twocolumnfalse
* \@twosidefalse
* \@mparswitchfalse
* \@reversemarginfalse
* (1in=72.27pt=25.4mm, 1cm=28.453pt)

*geometry* verbose mode - [ newgeometry ] result:
* driver: pdftex
* paper: letterpaper
* layout: <same size as paper>
* layoutoffset:(h,v)=(0.0pt,0.0pt)
* modes: 
* h-part:(L,W,R)=(108.405pt, 397.48499pt, 108.40501pt)
* v-part:(T,H,B)=(72.26999pt, 650.43pt, 72.27pt)
* \paperwidth=614.295pt
* \paperheight=794.96999pt
* \textwidth=397.48499pt
* \textheight=650.43pt
* \oddsidemargin=36.13501pt
* \evensidemargin=36.13501pt
* \topmargin=-37.0pt
* \headheight=12.0pt
* \headsep=25.0pt
* \topskip=10.0pt
* \footskip=30.0pt
* \marginparwidth=65.0pt
* \marginparsep=11.0pt
* \columnsep=10.0pt
* \skip\footins=9.0pt plus 4.0pt minus 2.0pt
* \hoffset=0.0pt
* \voffset=0.0pt
* \mag=1000
* \@twocolumnfalse
* \@twosidefalse
* \@mparswitchfalse
* \@reversemarginfalse
* (1in=72.27pt=25.4mm, 1cm=28.453pt)

(/usr/local/texlive/2017/texmf-dist/tex/context/base/mkii/supp-pdf.mkii
[Loading MPS to PDF converter (version 2006.09.02).]
\scratchcounter=\count116
\scratchdimen=\dimen135
\scratchbox=\box28
\nofMPsegments=\count117
\nofMParguments=\count118
\everyMPshowfont=\toks22
\MPscratchCnt=\count119
\MPscratchDim=\dimen136
\MPnumerator=\count120
\makeMPintoPDFobject=\count121
\everyMPtoPDFconversion=\toks23
) (/usr/local/texlive/2017/texmf-dist/tex/latex/oberdiek/epstopdf-base.sty
Package: epstopdf-base 2016/05/15 v2.6 Base part for package epstopdf

(/usr/local/texlive/2017/texmf-dist/tex/latex/oberdiek/grfext.sty
Package: grfext 2016/05/16 v1.2 Manage graphics extensions (HO)
)
Package epstopdf-base Info: Redefining graphics rule for `.eps' on input line 4
38.
Package grfext Info: Graphics extension search list:
(grfext)             [.pdf,.png,.jpg,.mps,.jpeg,.jbig2,.jb2,.PDF,.PNG,.JPG,.JPE
G,.JBIG2,.JB2,.eps]
(grfext)             \AppendGraphicsExtensions on input line 456.

(/usr/local/texlive/2017/texmf-dist/tex/latex/latexconfig/epstopdf-sys.cfg
File: epstopdf-sys.cfg 2010/07/13 v1.3 Configuration of (r)epstopdf for TeX Liv
e
))
\AtBeginShipoutBox=\box29
Package hyperref Info: Link coloring OFF on input line 17.

(/usr/local/texlive/2017/texmf-dist/tex/latex/hyperref/nameref.sty
Package: nameref 2016/05/21 v2.44 Cross-referencing by name of section

(/usr/local/texlive/2017/texmf-dist/tex/generic/oberdiek/gettitlestring.sty
Package: gettitlestring 2016/05/16 v1.5 Cleanup title references (HO)
)
\c@section@level=\count122
)
LaTeX Info: Redefining \ref on input line 17.
LaTeX Info: Redefining \pageref on input line 17.
LaTeX Info: Redefining \nameref on input line 17.

(./main.out) (./main.out)
\@outlinefile=\write3
\openout3 = `main.out'.

Package caption Info: Begin \AtBeginDocument code.
Package caption Info: End \AtBeginDocument code.
LaTeX Font Info:    Font shape `OT1/ptm/bx/n' in size <17.28> not available
(Font)              Font shape `OT1/ptm/b/n' tried instead on input line 19.
LaTeX Font Info:    Try loading font information for U+msa on input line 19.

(/usr/local/texlive/2017/texmf-dist/tex/latex/amsfonts/umsa.fd
File: umsa.fd 2013/01/14 v3.01 AMS symbols A
)
LaTeX Font Info:    Try loading font information for U+msb on input line 19.

(/usr/local/texlive/2017/texmf-dist/tex/latex/amsfonts/umsb.fd
File: umsb.fd 2013/01/14 v3.01 AMS symbols B
)
LaTeX Font Info:    Font shape `OT1/ptm/bx/n' in size <10> not available
(Font)              Font shape `OT1/ptm/b/n' tried instead on input line 19.
 [1


{/usr/local/texlive/2017/texmf-var/fonts/map/pdftex/updmap/pdftex.map}]
\openout2 = `intro.aux'.

 (./intro.tex
LaTeX Font Info:    Font shape `OT1/ptm/bx/n' in size <12> not available
(Font)              Font shape `OT1/ptm/b/n' tried instead on input line 1.
)
[2

]
\openout2 = `methods.aux'.

 (./methods.tex
LaTeX Font Info:    Font shape `OT1/ptm/bx/it' in size <10> not available
(Font)              Font shape `OT1/ptm/b/it' tried instead on input line 3.
 [3


]) [4]
\openout2 = `results.aux'.

 (./results.tex [5


]
<../plots/cluster_examples/10_epochs_tetrahedron.png, id=168, 1848.9075pt x 182
8.8325pt>
File: ../plots/cluster_examples/10_epochs_tetrahedron.png Graphic file (type pn
g)
<use ../plots/cluster_examples/10_epochs_tetrahedron.png>
Package pdftex.def Info: ../plots/cluster_examples/10_epochs_tetrahedron.png  u
sed on input line 32.
(pdftex.def)             Requested size: 178.86702pt x 176.92213pt.
<../plots/cluster_examples/fused_tetrahedron.png, id=170, 1830.84pt x 1844.8925
pt>
File: ../plots/cluster_examples/fused_tetrahedron.png Graphic file (type png)
<use ../plots/cluster_examples/fused_tetrahedron.png>
Package pdftex.def Info: ../plots/cluster_examples/fused_tetrahedron.png  used 
on input line 36.
(pdftex.def)             Requested size: 178.86702pt x 180.22115pt.
<../plots/cluster_examples/3d_tetrahedron_93164.png, id=171, 400.49625pt x 308.
15125pt>
File: ../plots/cluster_examples/3d_tetrahedron_93164.png Graphic file (type png
)
<use ../plots/cluster_examples/3d_tetrahedron_93164.png>
Package pdftex.def Info: ../plots/cluster_examples/3d_tetrahedron_93164.png  us
ed on input line 45.
(pdftex.def)             Requested size: 178.86702pt x 137.62762pt.
<../plots/cluster_examples/2d_struct_93164.png, id=172, 688.5725pt x 572.1375pt
>
File: ../plots/cluster_examples/2d_struct_93164.png Graphic file (type png)
<use ../plots/cluster_examples/2d_struct_93164.png>
Package pdftex.def Info: ../plots/cluster_examples/2d_struct_93164.png  used on
 input line 48.
(pdftex.def)             Requested size: 178.86702pt x 148.62128pt.


LaTeX Warning: `h' float specifier changed to `ht'.


Underfull \hbox (badness 10000) in paragraph at lines 54--54
[][][][]$\OT1/cmtt/m/n/9 https : / / dtp . cancer . gov / dtpstandard / servlet
 / Chem3D ? testshortname = 3D + chemical +
 []

<../plots/cluster_examples/2_elements.png, id=176, 1828.8325pt x 1858.945pt>
File: ../plots/cluster_examples/2_elements.png Graphic file (type png)
<use ../plots/cluster_examples/2_elements.png>
Package pdftex.def Info: ../plots/cluster_examples/2_elements.png  used on inpu
t line 59.
(pdftex.def)             Requested size: 178.86702pt x 181.79243pt.
<../plots/cluster_examples/fused_rings_and_doubled.png, id=177, 1024.82875pt x 
951.555pt>
File: ../plots/cluster_examples/fused_rings_and_doubled.png Graphic file (type 
png)
<use ../plots/cluster_examples/fused_rings_and_doubled.png>
Package pdftex.def Info: ../plots/cluster_examples/fused_rings_and_doubled.png 
 used on input line 63.
(pdftex.def)             Requested size: 178.86702pt x 166.07451pt.
<../plots/cluster_examples/length_6_paths.png, id=178, 989.6975pt x 950.55125pt
>
File: ../plots/cluster_examples/length_6_paths.png Graphic file (type png)
<use ../plots/cluster_examples/length_6_paths.png>
Package pdftex.def Info: ../plots/cluster_examples/length_6_paths.png  used on 
input line 67.
(pdftex.def)             Requested size: 178.86702pt x 171.78804pt.
<../plots/cluster_examples/ring_with_two.png, id=179, 1024.82875pt x 945.5325pt
>
File: ../plots/cluster_examples/ring_with_two.png Graphic file (type png)
<use ../plots/cluster_examples/ring_with_two.png>
Package pdftex.def Info: ../plots/cluster_examples/ring_with_two.png  used on i
nput line 71.
(pdftex.def)             Requested size: 178.86702pt x 165.0234pt.
) [6 <../plots/cluster_examples/10_epochs_tetrahedron.png> <../plots/cluster_ex
amples/fused_tetrahedron.png>] [7 <../plots/cluster_examples/3d_tetrahedron_931
64.png> <../plots/cluster_examples/2d_struct_93164.png> <../plots/cluster_examp
les/2_elements.png> <../plots/cluster_examples/fused_rings_and_doubled.png> <..
/plots/cluster_examples/length_6_paths.png> <../plots/cluster_examples/ring_wit
h_two.png>]
\openout2 = `discussion.aux'.

 (./discussion.tex) [8


] (./main.bbl) [9

]
\openout2 = `supplement.aux'.

 (./supplement.tex
<figs/tree_height_2.png, id=233, 2447.1425pt x 1007.765pt>
File: figs/tree_height_2.png Graphic file (type png)
<use figs/tree_height_2.png>
Package pdftex.def Info: figs/tree_height_2.png  used on input line 4.
(pdftex.def)             Requested size: 397.48499pt x 163.6753pt.
<figs/paragraph2vec.png, id=238, 2023.56pt x 1383.1675pt>
File: figs/paragraph2vec.png Graphic file (type png)
<use figs/paragraph2vec.png>
Package pdftex.def Info: figs/paragraph2vec.png  used on input line 11.
(pdftex.def)             Requested size: 238.49341pt x 163.01817pt.
<../plots/pass_plots/deg_4_dims_128_epochs_100/E_LOGP_histogram.png, id=243, 10
11.78pt x 722.7pt>
File: ../plots/pass_plots/deg_4_dims_128_epochs_100/E_LOGP_histogram.png Graphi
c file (type png)
<use ../plots/pass_plots/deg_4_dims_128_epochs_100/E_LOGP_histogram.png>
Package pdftex.def Info: ../plots/pass_plots/deg_4_dims_128_epochs_100/E_LOGP_h
istogram.png  used on input line 20.
(pdftex.def)             Requested size: 178.86702pt x 127.75357pt.
<../plots/pass_plots/deg_4_dims_128_epochs_100/E_WEIGHT_histogram.png, id=244, 
1011.78pt x 722.7pt>
File: ../plots/pass_plots/deg_4_dims_128_epochs_100/E_WEIGHT_histogram.png Grap
hic file (type png)
<use ../plots/pass_plots/deg_4_dims_128_epochs_100/E_WEIGHT_histogram.png>
Package pdftex.def Info: ../plots/pass_plots/deg_4_dims_128_epochs_100/E_WEIGHT
_histogram.png  used on input line 24.
(pdftex.def)             Requested size: 178.86702pt x 127.75357pt.

(./pass_subfigures.tex
<../plots/pass_plots/deg_3_dims_256_epochs_10/is_div5.png, id=245, 1011.78pt x 
722.7pt>
File: ../plots/pass_plots/deg_3_dims_256_epochs_10/is_div5.png Graphic file (ty
pe png)
<use ../plots/pass_plots/deg_3_dims_256_epochs_10/is_div5.png>
Package pdftex.def Info: ../plots/pass_plots/deg_3_dims_256_epochs_10/is_div5.p
ng  used on input line 4.
(pdftex.def)             Requested size: 178.86702pt x 127.75357pt.
<../plots/pass_plots/deg_3_dims_256_epochs_100/is_div5.png, id=246, 1011.78pt x
 722.7pt>
File: ../plots/pass_plots/deg_3_dims_256_epochs_100/is_div5.png Graphic file (t
ype png)
<use ../plots/pass_plots/deg_3_dims_256_epochs_100/is_div5.png>
Package pdftex.def Info: ../plots/pass_plots/deg_3_dims_256_epochs_100/is_div5.
png  used on input line 9.
(pdftex.def)             Requested size: 178.86702pt x 127.75357pt.


LaTeX Warning: `h' float specifier changed to `ht'.

<../plots/pass_plots/deg_4_dims_128_epochs_10/is_div5.png, id=247, 1011.78pt x 
722.7pt>
File: ../plots/pass_plots/deg_4_dims_128_epochs_10/is_div5.png Graphic file (ty
pe png)
<use ../plots/pass_plots/deg_4_dims_128_epochs_10/is_div5.png>
Package pdftex.def Info: ../plots/pass_plots/deg_4_dims_128_epochs_10/is_div5.p
ng  used on input line 19.
(pdftex.def)             Requested size: 178.86702pt x 127.75357pt.
<../plots/pass_plots/deg_4_dims_128_epochs_100/is_div5.png, id=248, 1011.78pt x
 722.7pt>
File: ../plots/pass_plots/deg_4_dims_128_epochs_100/is_div5.png Graphic file (t
ype png)
<use ../plots/pass_plots/deg_4_dims_128_epochs_100/is_div5.png>
Package pdftex.def Info: ../plots/pass_plots/deg_4_dims_128_epochs_100/is_div5.
png  used on input line 24.
(pdftex.def)             Requested size: 178.86702pt x 127.75357pt.

LaTeX Warning: `h' float specifier changed to `ht'.

<../plots/pass_plots/deg_3_dims_256_epochs_10/E_LOGP.png, id=249, 1011.78pt x 7
22.7pt>
File: ../plots/pass_plots/deg_3_dims_256_epochs_10/E_LOGP.png Graphic file (typ
e png)
<use ../plots/pass_plots/deg_3_dims_256_epochs_10/E_LOGP.png>
Package pdftex.def Info: ../plots/pass_plots/deg_3_dims_256_epochs_10/E_LOGP.pn
g  used on input line 37.
(pdftex.def)             Requested size: 178.86702pt x 127.75357pt.
<../plots/pass_plots/deg_3_dims_256_epochs_10/E_WEIGHT.png, id=250, 1011.78pt x
 722.7pt>
File: ../plots/pass_plots/deg_3_dims_256_epochs_10/E_WEIGHT.png Graphic file (t
ype png)
<use ../plots/pass_plots/deg_3_dims_256_epochs_10/E_WEIGHT.png>
Package pdftex.def Info: ../plots/pass_plots/deg_3_dims_256_epochs_10/E_WEIGHT.
png  used on input line 41.
(pdftex.def)             Requested size: 178.86702pt x 127.75357pt.
<../plots/pass_plots/deg_3_dims_256_epochs_10/Predicted_Activity_Antiinflammato
ry.png, id=251, 1011.78pt x 722.7pt>
File: ../plots/pass_plots/deg_3_dims_256_epochs_10/Predicted_Activity_Antiinfla
mmatory.png Graphic file (type png)
<use ../plots/pass_plots/deg_3_dims_256_epochs_10/Predicted_Activity_Antiinflam
matory.png>
Package pdftex.def Info: ../plots/pass_plots/deg_3_dims_256_epochs_10/Predicted
_Activity_Antiinflammatory.png  used on input line 45.
(pdftex.def)             Requested size: 178.86702pt x 127.75357pt.
<../plots/pass_plots/deg_3_dims_256_epochs_10/Predicted_Activity_Carcinogenic.p
ng, id=252, 1011.78pt x 722.7pt>
File: ../plots/pass_plots/deg_3_dims_256_epochs_10/Predicted_Activity_Carcinoge
nic.png Graphic file (type png)
<use ../plots/pass_plots/deg_3_dims_256_epochs_10/Predicted_Activity_Carcinogen
ic.png>
Package pdftex.def Info: ../plots/pass_plots/deg_3_dims_256_epochs_10/Predicted
_Activity_Carcinogenic.png  used on input line 49.
(pdftex.def)             Requested size: 178.86702pt x 127.75357pt.
<../plots/pass_plots/deg_3_dims_256_epochs_10/Predicted_Activity_Immunostimulan
t.png, id=253, 1011.78pt x 722.7pt>
File: ../plots/pass_plots/deg_3_dims_256_epochs_10/Predicted_Activity_Immunosti
mulant.png Graphic file (type png)
<use ../plots/pass_plots/deg_3_dims_256_epochs_10/Predicted_Activity_Immunostim
ulant.png>
Package pdftex.def Info: ../plots/pass_plots/deg_3_dims_256_epochs_10/Predicted
_Activity_Immunostimulant.png  used on input line 53.
(pdftex.def)             Requested size: 178.86702pt x 127.75357pt.
<../plots/pass_plots/deg_3_dims_256_epochs_10/Predicted_Activity_Immunosuppress
ant.png, id=254, 1011.78pt x 722.7pt>
File: ../plots/pass_plots/deg_3_dims_256_epochs_10/Predicted_Activity_Immunosup
pressant.png Graphic file (type png)
<use ../plots/pass_plots/deg_3_dims_256_epochs_10/Predicted_Activity_Immunosupp
ressant.png>
Package pdftex.def Info: ../plots/pass_plots/deg_3_dims_256_epochs_10/Predicted
_Activity_Immunosuppressant.png  used on input line 57.
(pdftex.def)             Requested size: 178.86702pt x 127.75357pt.
<../plots/pass_plots/deg_3_dims_256_epochs_100/E_LOGP.png, id=255, 1011.78pt x 
722.7pt>
File: ../plots/pass_plots/deg_3_dims_256_epochs_100/E_LOGP.png Graphic file (ty
pe png)
<use ../plots/pass_plots/deg_3_dims_256_epochs_100/E_LOGP.png>
Package pdftex.def Info: ../plots/pass_plots/deg_3_dims_256_epochs_100/E_LOGP.p
ng  used on input line 70.
(pdftex.def)             Requested size: 178.86702pt x 127.75357pt.
<../plots/pass_plots/deg_3_dims_256_epochs_100/E_WEIGHT.png, id=256, 1011.78pt 
x 722.7pt>
File: ../plots/pass_plots/deg_3_dims_256_epochs_100/E_WEIGHT.png Graphic file (
type png)
<use ../plots/pass_plots/deg_3_dims_256_epochs_100/E_WEIGHT.png>
Package pdftex.def Info: ../plots/pass_plots/deg_3_dims_256_epochs_100/E_WEIGHT
.png  used on input line 74.
(pdftex.def)             Requested size: 178.86702pt x 127.75357pt.
<../plots/pass_plots/deg_3_dims_256_epochs_100/Predicted_Activity_Antiinflammat
ory.png, id=257, 1011.78pt x 722.7pt>
File: ../plots/pass_plots/deg_3_dims_256_epochs_100/Predicted_Activity_Antiinfl
ammatory.png Graphic file (type png)
<use ../plots/pass_plots/deg_3_dims_256_epochs_100/Predicted_Activity_Antiinfla
mmatory.png>
Package pdftex.def Info: ../plots/pass_plots/deg_3_dims_256_epochs_100/Predicte
d_Activity_Antiinflammatory.png  used on input line 78.
(pdftex.def)             Requested size: 178.86702pt x 127.75357pt.
<../plots/pass_plots/deg_3_dims_256_epochs_100/Predicted_Activity_Carcinogenic.
png, id=258, 1011.78pt x 722.7pt>
File: ../plots/pass_plots/deg_3_dims_256_epochs_100/Predicted_Activity_Carcinog
enic.png Graphic file (type png)
<use ../plots/pass_plots/deg_3_dims_256_epochs_100/Predicted_Activity_Carcinoge
nic.png>
Package pdftex.def Info: ../plots/pass_plots/deg_3_dims_256_epochs_100/Predicte
d_Activity_Carcinogenic.png  used on input line 82.
(pdftex.def)             Requested size: 178.86702pt x 127.75357pt.
<../plots/pass_plots/deg_3_dims_256_epochs_100/Predicted_Activity_Immunostimula
nt.png, id=259, 1011.78pt x 722.7pt>
File: ../plots/pass_plots/deg_3_dims_256_epochs_100/Predicted_Activity_Immunost
imulant.png Graphic file (type png)
<use ../plots/pass_plots/deg_3_dims_256_epochs_100/Predicted_Activity_Immunosti
mulant.png>
Package pdftex.def Info: ../plots/pass_plots/deg_3_dims_256_epochs_100/Predicte
d_Activity_Immunostimulant.png  used on input line 86.
(pdftex.def)             Requested size: 178.86702pt x 127.75357pt.
<../plots/pass_plots/deg_3_dims_256_epochs_100/Predicted_Activity_Immunosuppres
sant.png, id=260, 1011.78pt x 722.7pt>
File: ../plots/pass_plots/deg_3_dims_256_epochs_100/Predicted_Activity_Immunosu
ppressant.png Graphic file (type png)
<use ../plots/pass_plots/deg_3_dims_256_epochs_100/Predicted_Activity_Immunosup
pressant.png>
Package pdftex.def Info: ../plots/pass_plots/deg_3_dims_256_epochs_100/Predicte
d_Activity_Immunosuppressant.png  used on input line 90.
(pdftex.def)             Requested size: 178.86702pt x 127.75357pt.
<../plots/pass_plots/deg_4_dims_128_epochs_10/E_LOGP.png, id=261, 1011.78pt x 7
22.7pt>
File: ../plots/pass_plots/deg_4_dims_128_epochs_10/E_LOGP.png Graphic file (typ
e png)
<use ../plots/pass_plots/deg_4_dims_128_epochs_10/E_LOGP.png>
Package pdftex.def Info: ../plots/pass_plots/deg_4_dims_128_epochs_10/E_LOGP.pn
g  used on input line 103.
(pdftex.def)             Requested size: 178.86702pt x 127.75357pt.
<../plots/pass_plots/deg_4_dims_128_epochs_10/E_WEIGHT.png, id=262, 1011.78pt x
 722.7pt>
File: ../plots/pass_plots/deg_4_dims_128_epochs_10/E_WEIGHT.png Graphic file (t
ype png)
<use ../plots/pass_plots/deg_4_dims_128_epochs_10/E_WEIGHT.png>
Package pdftex.def Info: ../plots/pass_plots/deg_4_dims_128_epochs_10/E_WEIGHT.
png  used on input line 107.
(pdftex.def)             Requested size: 178.86702pt x 127.75357pt.
<../plots/pass_plots/deg_4_dims_128_epochs_10/Predicted_Activity_Antiinflammato
ry.png, id=263, 1011.78pt x 722.7pt>
File: ../plots/pass_plots/deg_4_dims_128_epochs_10/Predicted_Activity_Antiinfla
mmatory.png Graphic file (type png)
<use ../plots/pass_plots/deg_4_dims_128_epochs_10/Predicted_Activity_Antiinflam
matory.png>
Package pdftex.def Info: ../plots/pass_plots/deg_4_dims_128_epochs_10/Predicted
_Activity_Antiinflammatory.png  used on input line 111.
(pdftex.def)             Requested size: 178.86702pt x 127.75357pt.
<../plots/pass_plots/deg_4_dims_128_epochs_10/Predicted_Activity_Carcinogenic.p
ng, id=264, 1011.78pt x 722.7pt>
File: ../plots/pass_plots/deg_4_dims_128_epochs_10/Predicted_Activity_Carcinoge
nic.png Graphic file (type png)
<use ../plots/pass_plots/deg_4_dims_128_epochs_10/Predicted_Activity_Carcinogen
ic.png>
Package pdftex.def Info: ../plots/pass_plots/deg_4_dims_128_epochs_10/Predicted
_Activity_Carcinogenic.png  used on input line 115.
(pdftex.def)             Requested size: 178.86702pt x 127.75357pt.
<../plots/pass_plots/deg_4_dims_128_epochs_10/Predicted_Activity_Immunostimulan
t.png, id=265, 1011.78pt x 722.7pt>
File: ../plots/pass_plots/deg_4_dims_128_epochs_10/Predicted_Activity_Immunosti
mulant.png Graphic file (type png)
<use ../plots/pass_plots/deg_4_dims_128_epochs_10/Predicted_Activity_Immunostim
ulant.png>
Package pdftex.def Info: ../plots/pass_plots/deg_4_dims_128_epochs_10/Predicted
_Activity_Immunostimulant.png  used on input line 119.
(pdftex.def)             Requested size: 178.86702pt x 127.75357pt.
<../plots/pass_plots/deg_4_dims_128_epochs_10/Predicted_Activity_Immunosuppress
ant.png, id=266, 1011.78pt x 722.7pt>
File: ../plots/pass_plots/deg_4_dims_128_epochs_10/Predicted_Activity_Immunosup
pressant.png Graphic file (type png)
<use ../plots/pass_plots/deg_4_dims_128_epochs_10/Predicted_Activity_Immunosupp
ressant.png>
Package pdftex.def Info: ../plots/pass_plots/deg_4_dims_128_epochs_10/Predicted
_Activity_Immunosuppressant.png  used on input line 123.
(pdftex.def)             Requested size: 178.86702pt x 127.75357pt.
<../plots/pass_plots/deg_4_dims_128_epochs_100/E_LOGP.png, id=267, 1011.78pt x 
722.7pt>
File: ../plots/pass_plots/deg_4_dims_128_epochs_100/E_LOGP.png Graphic file (ty
pe png)
<use ../plots/pass_plots/deg_4_dims_128_epochs_100/E_LOGP.png>
Package pdftex.def Info: ../plots/pass_plots/deg_4_dims_128_epochs_100/E_LOGP.p
ng  used on input line 136.
(pdftex.def)             Requested size: 178.86702pt x 127.75357pt.
<../plots/pass_plots/deg_4_dims_128_epochs_100/E_WEIGHT.png, id=268, 1011.78pt 
x 722.7pt>
File: ../plots/pass_plots/deg_4_dims_128_epochs_100/E_WEIGHT.png Graphic file (
type png)
<use ../plots/pass_plots/deg_4_dims_128_epochs_100/E_WEIGHT.png>
Package pdftex.def Info: ../plots/pass_plots/deg_4_dims_128_epochs_100/E_WEIGHT
.png  used on input line 140.
(pdftex.def)             Requested size: 178.86702pt x 127.75357pt.
<../plots/pass_plots/deg_4_dims_128_epochs_100/Predicted_Activity_Antiinflammat
ory.png, id=269, 1011.78pt x 722.7pt>
File: ../plots/pass_plots/deg_4_dims_128_epochs_100/Predicted_Activity_Antiinfl
ammatory.png Graphic file (type png)
<use ../plots/pass_plots/deg_4_dims_128_epochs_100/Predicted_Activity_Antiinfla
mmatory.png>
Package pdftex.def Info: ../plots/pass_plots/deg_4_dims_128_epochs_100/Predicte
d_Activity_Antiinflammatory.png  used on input line 144.
(pdftex.def)             Requested size: 178.86702pt x 127.75357pt.
<../plots/pass_plots/deg_4_dims_128_epochs_100/Predicted_Activity_Carcinogenic.
png, id=270, 1011.78pt x 722.7pt>
File: ../plots/pass_plots/deg_4_dims_128_epochs_100/Predicted_Activity_Carcinog
enic.png Graphic file (type png)
<use ../plots/pass_plots/deg_4_dims_128_epochs_100/Predicted_Activity_Carcinoge
nic.png>
Package pdftex.def Info: ../plots/pass_plots/deg_4_dims_128_epochs_100/Predicte
d_Activity_Carcinogenic.png  used on input line 148.
(pdftex.def)             Requested size: 178.86702pt x 127.75357pt.
<../plots/pass_plots/deg_4_dims_128_epochs_100/Predicted_Activity_Immunostimula
nt.png, id=271, 1011.78pt x 722.7pt>
File: ../plots/pass_plots/deg_4_dims_128_epochs_100/Predicted_Activity_Immunost
imulant.png Graphic file (type png)
<use ../plots/pass_plots/deg_4_dims_128_epochs_100/Predicted_Activity_Immunosti
mulant.png>
Package pdftex.def Info: ../plots/pass_plots/deg_4_dims_128_epochs_100/Predicte
d_Activity_Immunostimulant.png  used on input line 152.
(pdftex.def)             Requested size: 178.86702pt x 127.75357pt.
<../plots/pass_plots/deg_4_dims_128_epochs_100/Predicted_Activity_Immunosuppres
sant.png, id=272, 1011.78pt x 722.7pt>
File: ../plots/pass_plots/deg_4_dims_128_epochs_100/Predicted_Activity_Immunosu
ppressant.png Graphic file (type png)
<use ../plots/pass_plots/deg_4_dims_128_epochs_100/Predicted_Activity_Immunosup
pressant.png>
Package pdftex.def Info: ../plots/pass_plots/deg_4_dims_128_epochs_100/Predicte
d_Activity_Immunosuppressant.png  used on input line 156.
(pdftex.def)             Requested size: 178.86702pt x 127.75357pt.
)) [10


 <./figs/tree_height_2.png> <./figs/paragraph2vec.png>] [11 <../plots/pass_plot
s/deg_4_dims_128_epochs_100/E_LOGP_histogram.png> <../plots/pass_plots/deg_4_di
ms_128_epochs_100/E_WEIGHT_histogram.png> <../plots/pass_plots/deg_3_dims_256_e
pochs_10/is_div5.png> <../plots/pass_plots/deg_3_dims_256_epochs_100/is_div5.pn
g> <../plots/pass_plots/deg_4_dims_128_epochs_10/is_div5.png> <../plots/pass_pl
ots/deg_4_dims_128_epochs_100/is_div5.png>] [12 <../plots/pass_plots/deg_3_dims
_256_epochs_10/E_LOGP.png> <../plots/pass_plots/deg_3_dims_256_epochs_10/E_WEIG
HT.png> <../plots/pass_plots/deg_3_dims_256_epochs_10/Predicted_Activity_Antiin
flammatory.png> <../plots/pass_plots/deg_3_dims_256_epochs_10/Predicted_Activit
y_Carcinogenic.png> <../plots/pass_plots/deg_3_dims_256_epochs_10/Predicted_Act
ivity_Immunostimulant.png> <../plots/pass_plots/deg_3_dims_256_epochs_10/Predic
ted_Activity_Immunosuppressant.png>] [13 <../plots/pass_plots/deg_3_dims_256_ep
ochs_100/E_LOGP.png> <../plots/pass_plots/deg_3_dims_256_epochs_100/E_WEIGHT.pn
g> <../plots/pass_plots/deg_3_dims_256_epochs_100/Predicted_Activity_Antiinflam
matory.png> <../plots/pass_plots/deg_3_dims_256_epochs_100/Predicted_Activity_C
arcinogenic.png> <../plots/pass_plots/deg_3_dims_256_epochs_100/Predicted_Activ
ity_Immunostimulant.png> <../plots/pass_plots/deg_3_dims_256_epochs_100/Predict
ed_Activity_Immunosuppressant.png>] [14 <../plots/pass_plots/deg_4_dims_128_epo
chs_10/E_LOGP.png> <../plots/pass_plots/deg_4_dims_128_epochs_10/E_WEIGHT.png> 
<../plots/pass_plots/deg_4_dims_128_epochs_10/Predicted_Activity_Antiinflammato
ry.png> <../plots/pass_plots/deg_4_dims_128_epochs_10/Predicted_Activity_Carcin
ogenic.png> <../plots/pass_plots/deg_4_dims_128_epochs_10/Predicted_Activity_Im
munostimulant.png> <../plots/pass_plots/deg_4_dims_128_epochs_10/Predicted_Acti
vity_Immunosuppressant.png>] [15 <../plots/pass_plots/deg_4_dims_128_epochs_100
/E_LOGP.png> <../plots/pass_plots/deg_4_dims_128_epochs_100/E_WEIGHT.png> <../p
lots/pass_plots/deg_4_dims_128_epochs_100/Predicted_Activity_Antiinflammatory.p
ng> <../plots/pass_plots/deg_4_dims_128_epochs_100/Predicted_Activity_Carcinoge
nic.png> <../plots/pass_plots/deg_4_dims_128_epochs_100/Predicted_Activity_Immu
nostimulant.png> <../plots/pass_plots/deg_4_dims_128_epochs_100/Predicted_Activ
ity_Immunosuppressant.png>]
Package atveryend Info: Empty hook `BeforeClearDocument' on input line 34.
Package atveryend Info: Empty hook `AfterLastShipout' on input line 34.
 (./main.aux (./intro.aux) (./methods.aux)
(./results.aux) (./discussion.aux) (./supplement.aux))
Package atveryend Info: Executing hook `AtVeryEndDocument' on input line 34.
Package atveryend Info: Executing hook `AtEndAfterFileList' on input line 34.
Package rerunfilecheck Info: File `main.out' has not changed.
(rerunfilecheck)             Checksum: 24E89DF8D0FFE034EF1D0057A38F810D;905.
Package atveryend Info: Empty hook `AtVeryVeryEnd' on input line 34.
 ) 
Here is how much of TeX's memory you used:
 8234 strings out of 492982
 131112 string characters out of 6132527
 225488 words of memory out of 5000000
 11582 multiletter control sequences out of 15000+600000
 26005 words of font info for 58 fonts, out of 8000000 for 9000
 1141 hyphenation exceptions out of 8191
 42i,8n,45p,1400b,481s stack positions out of 5000i,500n,10000p,200000b,80000s
{/usr/local/texlive/2017/texmf-dist/fonts/enc/dvips/base/8r.enc}</usr/local/t
exlive/2017/texmf-dist/fonts/type1/public/amsfonts/cm/cmex10.pfb></usr/local/te
xlive/2017/texmf-dist/fonts/type1/public/amsfonts/cm/cmmi10.pfb></usr/local/tex
live/2017/texmf-dist/fonts/type1/public/amsfonts/cm/cmmi5.pfb></usr/local/texli
ve/2017/texmf-dist/fonts/type1/public/amsfonts/cm/cmmi7.pfb></usr/local/texlive
/2017/texmf-dist/fonts/type1/public/amsfonts/cm/cmr10.pfb></usr/local/texlive/2
017/texmf-dist/fonts/type1/public/amsfonts/cm/cmr5.pfb></usr/local/texlive/2017
/texmf-dist/fonts/type1/public/amsfonts/cm/cmr7.pfb></usr/local/texlive/2017/te
xmf-dist/fonts/type1/public/amsfonts/cm/cmsy10.pfb></usr/local/texlive/2017/tex
mf-dist/fonts/type1/public/amsfonts/cm/cmsy5.pfb></usr/local/texlive/2017/texmf
-dist/fonts/type1/public/amsfonts/cm/cmsy7.pfb></usr/local/texlive/2017/texmf-d
ist/fonts/type1/public/amsfonts/cm/cmtt10.pfb></usr/local/texlive/2017/texmf-di
st/fonts/type1/public/amsfonts/cm/cmtt9.pfb></usr/local/texlive/2017/texmf-dist
/fonts/type1/urw/times/utmb8a.pfb></usr/local/texlive/2017/texmf-dist/fonts/typ
e1/urw/times/utmbi8a.pfb></usr/local/texlive/2017/texmf-dist/fonts/type1/urw/ti
mes/utmr8a.pfb></usr/local/texlive/2017/texmf-dist/fonts/type1/urw/times/utmri8
a.pfb>
Output written on main.pdf (15 pages, 14290668 bytes).
PDF statistics:
 401 PDF objects out of 1000 (max. 8388607)
 280 compressed objects within 3 object streams
 62 named destinations out of 1000 (max. 500000)
 313 words of extra memory for PDF output out of 10000 (max. 10000000)

